#
# A fatal error has been detected by the Java Runtime Environment:
#
#  EXCEPTION_STACK_OVERFLOW (0xc00000fd) at pc=0x00007ffffda3ea43, pid=47624, tid=79520
#
# JRE version: OpenJDK Runtime Environment JBR-17.0.8+7-1000.22-jcef (17.0.8+7) (build 17.0.8+7-b1000.22)
# Java VM: OpenJDK 64-Bit Server VM JBR-17.0.8+7-1000.22-jcef (17.0.8+7-b1000.22, mixed mode, tiered, compressed oops, compressed class ptrs, g1 gc, windows-amd64)
# Problematic frame:
# V  [jvm.dll+0x38ea43]
#
# No core dump will be written. Minidumps are not enabled by default on client versions of Windows
#
# If you would like to submit a bug report, please visit:
#   https://youtrack.jetbrains.com/issues/JBR
#




 Windows 11 , 64 bit Build 22000 (10.0.22000.2538)
Time: Sat Nov  2 17:53:45 2024  Windows 11 , 64 bit Build 22000 (10.0.22000.2538) elapsed time: 141.145387 seconds (0d 0h 2m 21s)

---------------  T H R E A D  ---------------

Current thread (0x000001d5ff78d1e0):  JavaThread "Logging-Cleaner" [_thread_in_vm, id=79520, stack(0x000000b871400000,0x000000b871500000)]

Stack: [0x000000b871400000,0x000000b871500000],  sp=0x000000b8714ff4f0,  free space=1021k
Native frames: (J=compiled Java code, j=interpreted, Vv=VM code, C=native code)
V  [jvm.dll+0x38ea43]
V  [jvm.dll+0x685202]
V  [jvm.dll+0x38f69b]
V  [jvm.dll+0x38f927]
V  [jvm.dll+0x415951]
V  [jvm.dll+0x7f9d3c]
V  [jvm.dll+0x7f415a]
V  [jvm.dll+0x684115]
C  [ucrtbase.dll+0x26c0c]
C  [KERNEL32.DLL+0x153e0]
C  [ntdll.dll+0x485b]


siginfo: EXCEPTION_STACK_OVERFLOW (0xc00000fd), ExceptionInformation=0x0000000000000001 0x000000b8714fa4f0 


Register to memory mapping:

RIP=0x00007ffffda3ea43 jvm.dll
RAX=0x0000000000000003 is an unknown value
RBX=0x000000b8714fa4f0 is pointing into the stack for thread: 0x000001d5ff78d1e0
RCX=0x0000000000001000 is an unknown value
RDX=0x0 is NULL
RSP=0x000000b8714ff4f0 is pointing into the stack for thread: 0x000001d5ff78d1e0
RBP=0x000000b8714ff5f0 is pointing into the stack for thread: 0x000001d5ff78d1e0
RSI=0x000000b8714ff780 is pointing into the stack for thread: 0x000001d5ff78d1e0
RDI=0x000001d5ff78d1e0 is a thread
R8 =0x000000b8714ff4f0 is pointing into the stack for thread: 0x000001d5ff78d1e0
R9 =0x0000000000000154 is an unknown value
R10=0x000000b8714ff6b0 is pointing into the stack for thread: 0x000001d5ff78d1e0
R11=0x000000b8714ff850 is pointing into the stack for thread: 0x000001d5ff78d1e0
R12=0x000000b8714ff850 is pointing into the stack for thread: 0x000001d5ff78d1e0
R13=0x000000b8714ff6b0 is pointing into the stack for thread: 0x000001d5ff78d1e0
R14=0x000001d5ff7c5130 points into unknown readable memory: 0x00000000c05844a8 | a8 44 58 c0 00 00 00 00
R15=0x000000000000000a is an unknown value


Registers:
RAX=0x0000000000000003, RBX=0x000000b8714fa4f0, RCX=0x0000000000001000, RDX=0x0000000000000000
RSP=0x000000b8714ff4f0, RBP=0x000000b8714ff5f0, RSI=0x000000b8714ff780, RDI=0x000001d5ff78d1e0
R8 =0x000000b8714ff4f0, R9 =0x0000000000000154, R10=0x000000b8714ff6b0, R11=0x000000b8714ff850
R12=0x000000b8714ff850, R13=0x000000b8714ff6b0, R14=0x000001d5ff7c5130, R15=0x000000000000000a
RIP=0x00007ffffda3ea43, EFLAGS=0x0000000000010206

Top of Stack: (sp=0x000000b8714ff4f0)
0x000000b8714ff4f0:   000000b8714ff4f0 000000b8714ff780
0x000000b8714ff500:   000000b8714ff5d8 00007ffffd8c93ae
0x000000b8714ff510:   000000b8714ff560 000001d5ff7c5130
0x000000b8714ff520:   00007ff84551f4f8 000001d5ff826bf0
0x000000b8714ff530:   000000b8714ff5d8 00007ffffd8c97f8
0x000000b8714ff540:   00000000ffffffff 00007ffffdc25c97
0x000000b8714ff550:   00007ff84551f4f8 00007ffffe056410
0x000000b8714ff560:   000000b8714ff5d8 00007ffffda02476
0x000000b8714ff570:   000001d58753c520 000000b8714ff660
0x000000b8714ff580:   000000b8714ff878 000001d5ff78d1e0
0x000000b8714ff590:   0000000000000006 00007ffffdc1e50e
0x000000b8714ff5a0:   000001d591744920 000001d5ff78d1e0
0x000000b8714ff5b0:   000001d595a5f600 00007ffffe248290
0x000000b8714ff5c0:   0000000000000000 0000000000000000
0x000000b8714ff5d0:   000001d591744920 000001d591744920
0x000000b8714ff5e0:   000001d5ff78d1e0 000001d591744920 

Instructions: (pc=0x00007ffffda3ea43)
0x00007ffffda3e943:   77 45 4c 8d 05 b4 16 c7 ff 48 98 41 8b 8c 80 ac
0x00007ffffda3e953:   ee 38 00 49 03 c8 ff e1 41 bf 0a 00 00 00 eb 47
0x00007ffffda3e963:   c7 45 78 0b 00 00 00 c6 45 70 00 eb 56 c7 45 78
0x00007ffffda3e973:   06 00 00 00 c6 45 70 00 eb 49 c7 45 78 07 00 00
0x00007ffffda3e983:   00 c6 45 70 00 eb 3c ba b6 00 00 00 48 8d 0d 22
0x00007ffffda3e993:   6d 5e 00 e8 75 cc eb ff e8 b0 64 2f 00 41 8b 14
0x00007ffffda3e9a3:   24 41 bf 63 00 00 00 44 89 7d 78 83 fa 0c 74 0b
0x00007ffffda3e9b3:   83 fa 0d 74 06 c6 45 70 00 eb 08 c6 45 70 01 44
0x00007ffffda3e9c3:   89 7d 78 49 8b 45 00 8b 48 28 c1 e9 03 f6 c1 01
0x00007ffffda3e9d3:   75 09 48 8b 46 58 4c 8b 30 eb 03 4c 8b f3 48 8d
0x00007ffffda3e9e3:   8f b0 03 00 00 e8 63 95 3d 00 e8 7e 65 2f 00 4c
0x00007ffffda3e9f3:   8b c0 49 8b d5 48 8b cf 48 8b d8 e8 ed aa 2e 00
0x00007ffffda3ea03:   84 c0 75 1d 4d 8b cd 48 8d 15 a7 6c 5e 00 41 b8
0x00007ffffda3ea13:   91 01 00 00 48 8b cf e8 51 5d f3 ff e9 6d 04 00
0x00007ffffda3ea23:   00 48 63 0d 9d be 81 00 33 d2 48 8b 05 7c 0c 82
0x00007ffffda3ea33:   00 48 f7 f1 48 83 f8 01 72 0f 0f 1f 00 48 2b d9
0x00007ffffda3ea43:   c6 03 00 48 83 e8 01 75 f4 33 c0 48 8b cf 48 89
0x00007ffffda3ea53:   44 24 60 b3 01 48 89 44 24 70 48 89 44 24 68 48
0x00007ffffda3ea63:   8b 07 ff 50 38 84 c0 75 24 4c 8d 0d cd 6b 5e 00
0x00007ffffda3ea73:   ba 3b 00 00 00 4c 8d 05 09 6c 5e 00 48 8d 0d 32
0x00007ffffda3ea83:   6c 5e 00 e8 e5 cb eb ff e8 c0 63 2f 00 48 8b 07
0x00007ffffda3ea93:   48 8b cf ff 90 a0 00 00 00 84 c0 75 24 4c 8d 0d
0x00007ffffda3eaa3:   41 6c 5e 00 ba 3e 00 00 00 4c 8d 05 65 6c 5e 00
0x00007ffffda3eab3:   48 8d 0d fe 6b 5e 00 e8 b1 cb eb ff e8 8c 63 2f
0x00007ffffda3eac3:   00 33 d2 4c 89 64 24 78 48 8b cf e8 7d 27 08 00
0x00007ffffda3ead3:   4c 8b f8 c7 87 40 03 00 00 07 00 00 00 e8 8b 76
0x00007ffffda3eae3:   2e 00 90 48 8b 8f 48 03 00 00 84 cb 74 0b 0f b6
0x00007ffffda3eaf3:   d3 48 8b cf e8 04 83 35 00 83 bf 34 03 00 00 00
0x00007ffffda3eb03:   c7 87 40 03 00 00 08 00 00 00 75 0a 8b 87 30 03
0x00007ffffda3eb13:   00 00 a8 0c 74 1d 0f b6 d3 48 8b cf e8 1c 7e 46
0x00007ffffda3eb23:   00 48 83 7f 08 00 ba 00 00 00 00 0f b6 db 0f 45
0x00007ffffda3eb33:   da eb 02 33 d2 49 8b 45 00 48 89 44 24 50 4d 85 


Stack slot to memory mapping:
stack at sp + 0 slots: 0x000000b8714ff4f0 is pointing into the stack for thread: 0x000001d5ff78d1e0
stack at sp + 1 slots: 0x000000b8714ff780 is pointing into the stack for thread: 0x000001d5ff78d1e0
stack at sp + 2 slots: 0x000000b8714ff5d8 is pointing into the stack for thread: 0x000001d5ff78d1e0
stack at sp + 3 slots: 0x00007ffffd8c93ae jvm.dll
stack at sp + 4 slots: 0x000000b8714ff560 is pointing into the stack for thread: 0x000001d5ff78d1e0
stack at sp + 5 slots: 0x000001d5ff7c5130 points into unknown readable memory: 0x00000000c05844a8 | a8 44 58 c0 00 00 00 00
stack at sp + 6 slots: 0x00007ff84551f4f8 ucrtbase.dll
stack at sp + 7 slots: 0x000001d5ff826bf0 points into unknown readable memory: 0x00007ff8454ec0d0 | d0 c0 4e 45 f8 7f 00 00


---------------  P R O C E S S  ---------------

Threads class SMR info:
_java_thread_list=0x000001d5ff96de30, length=22, elements={
0x000001d5f85d1ef0, 0x000001d5ff0abb30, 0x000001d5ff0aca30, 0x000001d5ff2cf430,
0x000001d5ff2d0e00, 0x000001d5ff2d17c0, 0x000001d5ff2d2180, 0x000001d5ff2d4f30,
0x000001d5ff2d59e0, 0x000001d5ff2d83f0, 0x000001d5ff4493d0, 0x000001d5ff45b010,
0x000001d5ff53d040, 0x000001d5ff781870, 0x000001d5ff77b290, 0x000001d5ff77b770,
0x000001d5ff77bc50, 0x000001d5ff78dc00, 0x000001d5ff78fa60, 0x000001d5ff78e110,
0x000001d5ff78e620, 0x000001d5ff78d1e0
}

Java Threads: ( => current thread )
  0x000001d5f85d1ef0 JavaThread "main" [_thread_blocked, id=46776, stack(0x000000b871700000,0x000000b871800000)]
  0x000001d5ff0abb30 JavaThread "Reference Handler" daemon [_thread_blocked, id=39328, stack(0x000000b871e00000,0x000000b871f00000)]
  0x000001d5ff0aca30 JavaThread "Finalizer" daemon [_thread_blocked, id=92364, stack(0x000000b871f00000,0x000000b872000000)]
  0x000001d5ff2cf430 JavaThread "Signal Dispatcher" daemon [_thread_blocked, id=71012, stack(0x000000b872000000,0x000000b872100000)]
  0x000001d5ff2d0e00 JavaThread "Attach Listener" daemon [_thread_blocked, id=20564, stack(0x000000b872100000,0x000000b872200000)]
  0x000001d5ff2d17c0 JavaThread "Service Thread" daemon [_thread_blocked, id=90092, stack(0x000000b872200000,0x000000b872300000)]
  0x000001d5ff2d2180 JavaThread "Monitor Deflation Thread" daemon [_thread_blocked, id=10556, stack(0x000000b872300000,0x000000b872400000)]
  0x000001d5ff2d4f30 JavaThread "C2 CompilerThread0" daemon [_thread_blocked, id=81072, stack(0x000000b872400000,0x000000b872500000)]
  0x000001d5ff2d59e0 JavaThread "C1 CompilerThread0" daemon [_thread_blocked, id=65456, stack(0x000000b872500000,0x000000b872600000)]
  0x000001d5ff2d83f0 JavaThread "Sweeper thread" daemon [_thread_blocked, id=38668, stack(0x000000b872600000,0x000000b872700000)]
  0x000001d5ff4493d0 JavaThread "Common-Cleaner" daemon [_thread_blocked, id=43780, stack(0x000000b872700000,0x000000b872800000)]
  0x000001d5ff45b010 JavaThread "Notification Thread" daemon [_thread_blocked, id=56900, stack(0x000000b872800000,0x000000b872900000)]
  0x000001d5ff53d040 JavaThread "mysql-cj-abandoned-connection-cleanup" daemon [_thread_blocked, id=91132, stack(0x000000b872a00000,0x000000b872b00000)]
  0x000001d5ff781870 JavaThread "RMI TCP Accept-47374" daemon [_thread_in_native, id=41256, stack(0x000000b872b00000,0x000000b872c00000)]
  0x000001d5ff77b290 JavaThread "RMI TCP Accept-0" daemon [_thread_in_native, id=50096, stack(0x000000b872c00000,0x000000b872d00000)]
  0x000001d5ff77b770 JavaThread "RMI Reaper" [_thread_blocked, id=1456, stack(0x000000b872d00000,0x000000b872e00000)]
  0x000001d5ff77bc50 JavaThread "RMI GC Daemon" daemon [_thread_blocked, id=60404, stack(0x000000b872e00000,0x000000b872f00000)]
  0x000001d5ff78dc00 JavaThread "RMI TCP Connection(idle)" daemon [_thread_blocked, id=39092, stack(0x000000b873000000,0x000000b873100000)]
  0x000001d5ff78fa60 JavaThread "RMI TCP Connection(idle)" daemon [_thread_blocked, id=84324, stack(0x000000b873100000,0x000000b873200000)]
  0x000001d5ff78e110 JavaThread "RMI Scheduler(0)" daemon [_thread_blocked, id=60464, stack(0x000000b873300000,0x000000b873400000)]
  0x000001d5ff78e620 JavaThread "RMI RenewClean-[127.0.0.1:63720]" daemon [_thread_blocked, id=95916, stack(0x000000b873400000,0x000000b873500000)]
=>0x000001d5ff78d1e0 JavaThread "Logging-Cleaner" [_thread_in_vm, id=79520, stack(0x000000b871400000,0x000000b871500000)]

Other Threads:
  0x000001d5ff04f520 VMThread "VM Thread" [stack: 0x000000b871d00000,0x000000b871e00000] [id=28688]
  0x000001d5f8624000 WatcherThread [stack: 0x000000b872900000,0x000000b872a00000] [id=19764]
  0x000001d5f860ed70 GCTaskThread "GC Thread#0" [stack: 0x000000b871800000,0x000000b871900000] [id=30064]
  0x000001d5ffb8b400 GCTaskThread "GC Thread#1" [stack: 0x000000b873500000,0x000000b873600000] [id=2868]
  0x000001d5ffb8b6c0 GCTaskThread "GC Thread#2" [stack: 0x000000b873600000,0x000000b873700000] [id=49304]
  0x000001d5ffb84ed0 GCTaskThread "GC Thread#3" [stack: 0x000000b873700000,0x000000b873800000] [id=91008]
  0x000001d5ffc2ee80 GCTaskThread "GC Thread#4" [stack: 0x000000b873800000,0x000000b873900000] [id=38760]
  0x000001d5ffc2f950 GCTaskThread "GC Thread#5" [stack: 0x000000b873900000,0x000000b873a00000] [id=89404]
  0x000001d5ffc2fc10 GCTaskThread "GC Thread#6" [stack: 0x000000b873a00000,0x000000b873b00000] [id=67776]
  0x000001d5ffc33ee0 GCTaskThread "GC Thread#7" [stack: 0x000000b873b00000,0x000000b873c00000] [id=62148]
  0x000001d5f8617bc0 ConcurrentGCThread "G1 Main Marker" [stack: 0x000000b871900000,0x000000b871a00000] [id=90376]
  0x000001d5f8618c70 ConcurrentGCThread "G1 Conc#0" [stack: 0x000000b871a00000,0x000000b871b00000] [id=16852]
  0x000001d5f8684cd0 ConcurrentGCThread "G1 Refine#0" [stack: 0x000000b871b00000,0x000000b871c00000] [id=31608]
  0x000001d5ffbf4020 ConcurrentGCThread "G1 Refine#1" [stack: 0x000000b873c00000,0x000000b873d00000] [id=42520]
  0x000001d5ff59f430 ConcurrentGCThread "G1 Refine#2" [stack: 0x000000b873d00000,0x000000b873e00000] [id=44960]
  0x000001d5fef106e0 ConcurrentGCThread "G1 Service" [stack: 0x000000b871c00000,0x000000b871d00000] [id=18304]

Threads with active compile tasks:

VM state: not at safepoint (normal execution)

VM Mutex/Monitor currently owned by a thread: None

Heap address: 0x00000000c0000000, size: 1024 MB, Compressed Oops mode: 32-bit

CDS archive(s) not mapped
Compressed class space mapped at: 0x0000000100000000-0x0000000140000000, reserved size: 1073741824
Narrow klass base: 0x0000000000000000, Narrow klass shift: 3, Narrow klass range: 0x140000000

GC Precious Log:
 CPUs: 8 total, 8 available
 Memory: 8112M
 Large Page Support: Disabled
 NUMA Support: Disabled
 Compressed Oops: Enabled (32-bit)
 Heap Region Size: 1M
 Heap Min Capacity: 128M
 Heap Initial Capacity: 128M
 Heap Max Capacity: 1G
 Pre-touch: Disabled
 Parallel Workers: 8
 Concurrent Workers: 2
 Concurrent Refinement Workers: 8
 Periodic GC: Disabled

Heap:
 garbage-first heap   total 131072K, used 27840K [0x00000000c0000000, 0x0000000100000000)
  region size 1024K, 22 young (22528K), 3 survivors (3072K)
 Metaspace       used 19765K, committed 20096K, reserved 1114112K
  class space    used 1994K, committed 2176K, reserved 1048576K

Heap Regions: E=young(eden), S=young(survivor), O=old, HS=humongous(starts), HC=humongous(continues), CS=collection set, F=free, OA=open archive, CA=closed archive, TAMS=top-at-mark-start (previous, next)
|   0|0x00000000c0000000, 0x00000000c0100000, 0x00000000c0100000|100%|HS|  |TAMS 0x00000000c0000000, 0x00000000c0000000| Complete 
|   1|0x00000000c0100000, 0x00000000c0200000, 0x00000000c0200000|100%|HC|  |TAMS 0x00000000c0100000, 0x00000000c0100000| Complete 
|   2|0x00000000c0200000, 0x00000000c0300000, 0x00000000c0300000|100%|HC|  |TAMS 0x00000000c0200000, 0x00000000c0200000| Complete 
|   3|0x00000000c0300000, 0x00000000c0400000, 0x00000000c0400000|100%|HS|  |TAMS 0x00000000c0300000, 0x00000000c0300000| Complete 
|   4|0x00000000c0400000, 0x00000000c0500000, 0x00000000c0500000|100%| O|  |TAMS 0x00000000c0400000, 0x00000000c0400000| Untracked 
|   5|0x00000000c0500000, 0x00000000c0600000, 0x00000000c0600000|100%| O|  |TAMS 0x00000000c0500000, 0x00000000c0500000| Untracked 
|   6|0x00000000c0600000, 0x00000000c0630000, 0x00000000c0700000| 18%| O|  |TAMS 0x00000000c0600000, 0x00000000c0600000| Untracked 
|   7|0x00000000c0700000, 0x00000000c0700000, 0x00000000c0800000|  0%| F|  |TAMS 0x00000000c0700000, 0x00000000c0700000| Untracked 
|   8|0x00000000c0800000, 0x00000000c0800000, 0x00000000c0900000|  0%| F|  |TAMS 0x00000000c0800000, 0x00000000c0800000| Untracked 
|   9|0x00000000c0900000, 0x00000000c0900000, 0x00000000c0a00000|  0%| F|  |TAMS 0x00000000c0900000, 0x00000000c0900000| Untracked 
|  10|0x00000000c0a00000, 0x00000000c0a00000, 0x00000000c0b00000|  0%| F|  |TAMS 0x00000000c0a00000, 0x00000000c0a00000| Untracked 
|  11|0x00000000c0b00000, 0x00000000c0b00000, 0x00000000c0c00000|  0%| F|  |TAMS 0x00000000c0b00000, 0x00000000c0b00000| Untracked 
|  12|0x00000000c0c00000, 0x00000000c0c00000, 0x00000000c0d00000|  0%| F|  |TAMS 0x00000000c0c00000, 0x00000000c0c00000| Untracked 
|  13|0x00000000c0d00000, 0x00000000c0d00000, 0x00000000c0e00000|  0%| F|  |TAMS 0x00000000c0d00000, 0x00000000c0d00000| Untracked 
|  14|0x00000000c0e00000, 0x00000000c0e00000, 0x00000000c0f00000|  0%| F|  |TAMS 0x00000000c0e00000, 0x00000000c0e00000| Untracked 
|  15|0x00000000c0f00000, 0x00000000c0f00000, 0x00000000c1000000|  0%| F|  |TAMS 0x00000000c0f00000, 0x00000000c0f00000| Untracked 
|  16|0x00000000c1000000, 0x00000000c1000000, 0x00000000c1100000|  0%| F|  |TAMS 0x00000000c1000000, 0x00000000c1000000| Untracked 
|  17|0x00000000c1100000, 0x00000000c1100000, 0x00000000c1200000|  0%| F|  |TAMS 0x00000000c1100000, 0x00000000c1100000| Untracked 
|  18|0x00000000c1200000, 0x00000000c1200000, 0x00000000c1300000|  0%| F|  |TAMS 0x00000000c1200000, 0x00000000c1200000| Untracked 
|  19|0x00000000c1300000, 0x00000000c1300000, 0x00000000c1400000|  0%| F|  |TAMS 0x00000000c1300000, 0x00000000c1300000| Untracked 
|  20|0x00000000c1400000, 0x00000000c1400000, 0x00000000c1500000|  0%| F|  |TAMS 0x00000000c1400000, 0x00000000c1400000| Untracked 
|  21|0x00000000c1500000, 0x00000000c1500000, 0x00000000c1600000|  0%| F|  |TAMS 0x00000000c1500000, 0x00000000c1500000| Untracked 
|  22|0x00000000c1600000, 0x00000000c1600000, 0x00000000c1700000|  0%| F|  |TAMS 0x00000000c1600000, 0x00000000c1600000| Untracked 
|  23|0x00000000c1700000, 0x00000000c1700000, 0x00000000c1800000|  0%| F|  |TAMS 0x00000000c1700000, 0x00000000c1700000| Untracked 
|  24|0x00000000c1800000, 0x00000000c1800000, 0x00000000c1900000|  0%| F|  |TAMS 0x00000000c1800000, 0x00000000c1800000| Untracked 
|  25|0x00000000c1900000, 0x00000000c1900000, 0x00000000c1a00000|  0%| F|  |TAMS 0x00000000c1900000, 0x00000000c1900000| Untracked 
|  26|0x00000000c1a00000, 0x00000000c1a00000, 0x00000000c1b00000|  0%| F|  |TAMS 0x00000000c1a00000, 0x00000000c1a00000| Untracked 
|  27|0x00000000c1b00000, 0x00000000c1b00000, 0x00000000c1c00000|  0%| F|  |TAMS 0x00000000c1b00000, 0x00000000c1b00000| Untracked 
|  28|0x00000000c1c00000, 0x00000000c1c00000, 0x00000000c1d00000|  0%| F|  |TAMS 0x00000000c1c00000, 0x00000000c1c00000| Untracked 
|  29|0x00000000c1d00000, 0x00000000c1d00000, 0x00000000c1e00000|  0%| F|  |TAMS 0x00000000c1d00000, 0x00000000c1d00000| Untracked 
|  30|0x00000000c1e00000, 0x00000000c1e00000, 0x00000000c1f00000|  0%| F|  |TAMS 0x00000000c1e00000, 0x00000000c1e00000| Untracked 
|  31|0x00000000c1f00000, 0x00000000c1f00000, 0x00000000c2000000|  0%| F|  |TAMS 0x00000000c1f00000, 0x00000000c1f00000| Untracked 
|  32|0x00000000c2000000, 0x00000000c2000000, 0x00000000c2100000|  0%| F|  |TAMS 0x00000000c2000000, 0x00000000c2000000| Untracked 
|  33|0x00000000c2100000, 0x00000000c2100000, 0x00000000c2200000|  0%| F|  |TAMS 0x00000000c2100000, 0x00000000c2100000| Untracked 
|  34|0x00000000c2200000, 0x00000000c2200000, 0x00000000c2300000|  0%| F|  |TAMS 0x00000000c2200000, 0x00000000c2200000| Untracked 
|  35|0x00000000c2300000, 0x00000000c2300000, 0x00000000c2400000|  0%| F|  |TAMS 0x00000000c2300000, 0x00000000c2300000| Untracked 
|  36|0x00000000c2400000, 0x00000000c2400000, 0x00000000c2500000|  0%| F|  |TAMS 0x00000000c2400000, 0x00000000c2400000| Untracked 
|  37|0x00000000c2500000, 0x00000000c2500000, 0x00000000c2600000|  0%| F|  |TAMS 0x00000000c2500000, 0x00000000c2500000| Untracked 
|  38|0x00000000c2600000, 0x00000000c2600000, 0x00000000c2700000|  0%| F|  |TAMS 0x00000000c2600000, 0x00000000c2600000| Untracked 
|  39|0x00000000c2700000, 0x00000000c2700000, 0x00000000c2800000|  0%| F|  |TAMS 0x00000000c2700000, 0x00000000c2700000| Untracked 
|  40|0x00000000c2800000, 0x00000000c2800000, 0x00000000c2900000|  0%| F|  |TAMS 0x00000000c2800000, 0x00000000c2800000| Untracked 
|  41|0x00000000c2900000, 0x00000000c2900000, 0x00000000c2a00000|  0%| F|  |TAMS 0x00000000c2900000, 0x00000000c2900000| Untracked 
|  42|0x00000000c2a00000, 0x00000000c2a00000, 0x00000000c2b00000|  0%| F|  |TAMS 0x00000000c2a00000, 0x00000000c2a00000| Untracked 
|  43|0x00000000c2b00000, 0x00000000c2b00000, 0x00000000c2c00000|  0%| F|  |TAMS 0x00000000c2b00000, 0x00000000c2b00000| Untracked 
|  44|0x00000000c2c00000, 0x00000000c2c00000, 0x00000000c2d00000|  0%| F|  |TAMS 0x00000000c2c00000, 0x00000000c2c00000| Untracked 
|  45|0x00000000c2d00000, 0x00000000c2d00000, 0x00000000c2e00000|  0%| F|  |TAMS 0x00000000c2d00000, 0x00000000c2d00000| Untracked 
|  46|0x00000000c2e00000, 0x00000000c2e00000, 0x00000000c2f00000|  0%| F|  |TAMS 0x00000000c2e00000, 0x00000000c2e00000| Untracked 
|  47|0x00000000c2f00000, 0x00000000c2f00000, 0x00000000c3000000|  0%| F|  |TAMS 0x00000000c2f00000, 0x00000000c2f00000| Untracked 
|  48|0x00000000c3000000, 0x00000000c3000000, 0x00000000c3100000|  0%| F|  |TAMS 0x00000000c3000000, 0x00000000c3000000| Untracked 
|  49|0x00000000c3100000, 0x00000000c3100000, 0x00000000c3200000|  0%| F|  |TAMS 0x00000000c3100000, 0x00000000c3100000| Untracked 
|  50|0x00000000c3200000, 0x00000000c3200000, 0x00000000c3300000|  0%| F|  |TAMS 0x00000000c3200000, 0x00000000c3200000| Untracked 
|  51|0x00000000c3300000, 0x00000000c3300000, 0x00000000c3400000|  0%| F|  |TAMS 0x00000000c3300000, 0x00000000c3300000| Untracked 
|  52|0x00000000c3400000, 0x00000000c3400000, 0x00000000c3500000|  0%| F|  |TAMS 0x00000000c3400000, 0x00000000c3400000| Untracked 
|  53|0x00000000c3500000, 0x00000000c3500000, 0x00000000c3600000|  0%| F|  |TAMS 0x00000000c3500000, 0x00000000c3500000| Untracked 
|  54|0x00000000c3600000, 0x00000000c3600000, 0x00000000c3700000|  0%| F|  |TAMS 0x00000000c3600000, 0x00000000c3600000| Untracked 
|  55|0x00000000c3700000, 0x00000000c3700000, 0x00000000c3800000|  0%| F|  |TAMS 0x00000000c3700000, 0x00000000c3700000| Untracked 
|  56|0x00000000c3800000, 0x00000000c3800000, 0x00000000c3900000|  0%| F|  |TAMS 0x00000000c3800000, 0x00000000c3800000| Untracked 
|  57|0x00000000c3900000, 0x00000000c3900000, 0x00000000c3a00000|  0%| F|  |TAMS 0x00000000c3900000, 0x00000000c3900000| Untracked 
|  58|0x00000000c3a00000, 0x00000000c3a00000, 0x00000000c3b00000|  0%| F|  |TAMS 0x00000000c3a00000, 0x00000000c3a00000| Untracked 
|  59|0x00000000c3b00000, 0x00000000c3b00000, 0x00000000c3c00000|  0%| F|  |TAMS 0x00000000c3b00000, 0x00000000c3b00000| Untracked 
|  60|0x00000000c3c00000, 0x00000000c3c00000, 0x00000000c3d00000|  0%| F|  |TAMS 0x00000000c3c00000, 0x00000000c3c00000| Untracked 
|  61|0x00000000c3d00000, 0x00000000c3d00000, 0x00000000c3e00000|  0%| F|  |TAMS 0x00000000c3d00000, 0x00000000c3d00000| Untracked 
|  62|0x00000000c3e00000, 0x00000000c3e00000, 0x00000000c3f00000|  0%| F|  |TAMS 0x00000000c3e00000, 0x00000000c3e00000| Untracked 
|  63|0x00000000c3f00000, 0x00000000c3f00000, 0x00000000c4000000|  0%| F|  |TAMS 0x00000000c3f00000, 0x00000000c3f00000| Untracked 
|  64|0x00000000c4000000, 0x00000000c4000000, 0x00000000c4100000|  0%| F|  |TAMS 0x00000000c4000000, 0x00000000c4000000| Untracked 
|  65|0x00000000c4100000, 0x00000000c4100000, 0x00000000c4200000|  0%| F|  |TAMS 0x00000000c4100000, 0x00000000c4100000| Untracked 
|  66|0x00000000c4200000, 0x00000000c4200000, 0x00000000c4300000|  0%| F|  |TAMS 0x00000000c4200000, 0x00000000c4200000| Untracked 
|  67|0x00000000c4300000, 0x00000000c4300000, 0x00000000c4400000|  0%| F|  |TAMS 0x00000000c4300000, 0x00000000c4300000| Untracked 
|  68|0x00000000c4400000, 0x00000000c4400000, 0x00000000c4500000|  0%| F|  |TAMS 0x00000000c4400000, 0x00000000c4400000| Untracked 
|  69|0x00000000c4500000, 0x00000000c4500000, 0x00000000c4600000|  0%| F|  |TAMS 0x00000000c4500000, 0x00000000c4500000| Untracked 
|  70|0x00000000c4600000, 0x00000000c4600000, 0x00000000c4700000|  0%| F|  |TAMS 0x00000000c4600000, 0x00000000c4600000| Untracked 
|  71|0x00000000c4700000, 0x00000000c4700000, 0x00000000c4800000|  0%| F|  |TAMS 0x00000000c4700000, 0x00000000c4700000| Untracked 
|  72|0x00000000c4800000, 0x00000000c4800000, 0x00000000c4900000|  0%| F|  |TAMS 0x00000000c4800000, 0x00000000c4800000| Untracked 
|  73|0x00000000c4900000, 0x00000000c4900000, 0x00000000c4a00000|  0%| F|  |TAMS 0x00000000c4900000, 0x00000000c4900000| Untracked 
|  74|0x00000000c4a00000, 0x00000000c4a00000, 0x00000000c4b00000|  0%| F|  |TAMS 0x00000000c4a00000, 0x00000000c4a00000| Untracked 
|  75|0x00000000c4b00000, 0x00000000c4b00000, 0x00000000c4c00000|  0%| F|  |TAMS 0x00000000c4b00000, 0x00000000c4b00000| Untracked 
|  76|0x00000000c4c00000, 0x00000000c4c00000, 0x00000000c4d00000|  0%| F|  |TAMS 0x00000000c4c00000, 0x00000000c4c00000| Untracked 
|  77|0x00000000c4d00000, 0x00000000c4d00000, 0x00000000c4e00000|  0%| F|  |TAMS 0x00000000c4d00000, 0x00000000c4d00000| Untracked 
|  78|0x00000000c4e00000, 0x00000000c4e00000, 0x00000000c4f00000|  0%| F|  |TAMS 0x00000000c4e00000, 0x00000000c4e00000| Untracked 
|  79|0x00000000c4f00000, 0x00000000c4f00000, 0x00000000c5000000|  0%| F|  |TAMS 0x00000000c4f00000, 0x00000000c4f00000| Untracked 
|  80|0x00000000c5000000, 0x00000000c5000000, 0x00000000c5100000|  0%| F|  |TAMS 0x00000000c5000000, 0x00000000c5000000| Untracked 
|  81|0x00000000c5100000, 0x00000000c5100000, 0x00000000c5200000|  0%| F|  |TAMS 0x00000000c5100000, 0x00000000c5100000| Untracked 
|  82|0x00000000c5200000, 0x00000000c5200000, 0x00000000c5300000|  0%| F|  |TAMS 0x00000000c5200000, 0x00000000c5200000| Untracked 
|  83|0x00000000c5300000, 0x00000000c5300000, 0x00000000c5400000|  0%| F|  |TAMS 0x00000000c5300000, 0x00000000c5300000| Untracked 
|  84|0x00000000c5400000, 0x00000000c5400000, 0x00000000c5500000|  0%| F|  |TAMS 0x00000000c5400000, 0x00000000c5400000| Untracked 
|  85|0x00000000c5500000, 0x00000000c5500000, 0x00000000c5600000|  0%| F|  |TAMS 0x00000000c5500000, 0x00000000c5500000| Untracked 
|  86|0x00000000c5600000, 0x00000000c5600000, 0x00000000c5700000|  0%| F|  |TAMS 0x00000000c5600000, 0x00000000c5600000| Untracked 
|  87|0x00000000c5700000, 0x00000000c5700000, 0x00000000c5800000|  0%| F|  |TAMS 0x00000000c5700000, 0x00000000c5700000| Untracked 
|  88|0x00000000c5800000, 0x00000000c5800000, 0x00000000c5900000|  0%| F|  |TAMS 0x00000000c5800000, 0x00000000c5800000| Untracked 
|  89|0x00000000c5900000, 0x00000000c5900000, 0x00000000c5a00000|  0%| F|  |TAMS 0x00000000c5900000, 0x00000000c5900000| Untracked 
|  90|0x00000000c5a00000, 0x00000000c5a00000, 0x00000000c5b00000|  0%| F|  |TAMS 0x00000000c5a00000, 0x00000000c5a00000| Untracked 
|  91|0x00000000c5b00000, 0x00000000c5b00000, 0x00000000c5c00000|  0%| F|  |TAMS 0x00000000c5b00000, 0x00000000c5b00000| Untracked 
|  92|0x00000000c5c00000, 0x00000000c5c00000, 0x00000000c5d00000|  0%| F|  |TAMS 0x00000000c5c00000, 0x00000000c5c00000| Untracked 
|  93|0x00000000c5d00000, 0x00000000c5d00000, 0x00000000c5e00000|  0%| F|  |TAMS 0x00000000c5d00000, 0x00000000c5d00000| Untracked 
|  94|0x00000000c5e00000, 0x00000000c5e00000, 0x00000000c5f00000|  0%| F|  |TAMS 0x00000000c5e00000, 0x00000000c5e00000| Untracked 
|  95|0x00000000c5f00000, 0x00000000c5f00000, 0x00000000c6000000|  0%| F|  |TAMS 0x00000000c5f00000, 0x00000000c5f00000| Untracked 
|  96|0x00000000c6000000, 0x00000000c6000000, 0x00000000c6100000|  0%| F|  |TAMS 0x00000000c6000000, 0x00000000c6000000| Untracked 
|  97|0x00000000c6100000, 0x00000000c6100000, 0x00000000c6200000|  0%| F|  |TAMS 0x00000000c6100000, 0x00000000c6100000| Untracked 
|  98|0x00000000c6200000, 0x00000000c6200000, 0x00000000c6300000|  0%| F|  |TAMS 0x00000000c6200000, 0x00000000c6200000| Untracked 
|  99|0x00000000c6300000, 0x00000000c6300000, 0x00000000c6400000|  0%| F|  |TAMS 0x00000000c6300000, 0x00000000c6300000| Untracked 
| 100|0x00000000c6400000, 0x00000000c6400000, 0x00000000c6500000|  0%| F|  |TAMS 0x00000000c6400000, 0x00000000c6400000| Untracked 
| 101|0x00000000c6500000, 0x00000000c6500000, 0x00000000c6600000|  0%| F|  |TAMS 0x00000000c6500000, 0x00000000c6500000| Untracked 
| 102|0x00000000c6600000, 0x00000000c6700000, 0x00000000c6700000|100%| S|CS|TAMS 0x00000000c6600000, 0x00000000c6600000| Complete 
| 103|0x00000000c6700000, 0x00000000c6800000, 0x00000000c6800000|100%| S|CS|TAMS 0x00000000c6700000, 0x00000000c6700000| Complete 
| 104|0x00000000c6800000, 0x00000000c6900000, 0x00000000c6900000|100%| S|CS|TAMS 0x00000000c6800000, 0x00000000c6800000| Complete 
| 105|0x00000000c6900000, 0x00000000c6900000, 0x00000000c6a00000|  0%| F|  |TAMS 0x00000000c6900000, 0x00000000c6900000| Untracked 
| 106|0x00000000c6a00000, 0x00000000c6a00000, 0x00000000c6b00000|  0%| F|  |TAMS 0x00000000c6a00000, 0x00000000c6a00000| Untracked 
| 107|0x00000000c6b00000, 0x00000000c6b00000, 0x00000000c6c00000|  0%| F|  |TAMS 0x00000000c6b00000, 0x00000000c6b00000| Untracked 
| 108|0x00000000c6c00000, 0x00000000c6c00000, 0x00000000c6d00000|  0%| F|  |TAMS 0x00000000c6c00000, 0x00000000c6c00000| Untracked 
| 109|0x00000000c6d00000, 0x00000000c6e00000, 0x00000000c6e00000|100%| E|  |TAMS 0x00000000c6d00000, 0x00000000c6d00000| Complete 
| 110|0x00000000c6e00000, 0x00000000c6f00000, 0x00000000c6f00000|100%| E|CS|TAMS 0x00000000c6e00000, 0x00000000c6e00000| Complete 
| 111|0x00000000c6f00000, 0x00000000c7000000, 0x00000000c7000000|100%| E|CS|TAMS 0x00000000c6f00000, 0x00000000c6f00000| Complete 
| 112|0x00000000c7000000, 0x00000000c7100000, 0x00000000c7100000|100%| E|CS|TAMS 0x00000000c7000000, 0x00000000c7000000| Complete 
| 113|0x00000000c7100000, 0x00000000c7200000, 0x00000000c7200000|100%| E|CS|TAMS 0x00000000c7100000, 0x00000000c7100000| Complete 
| 114|0x00000000c7200000, 0x00000000c7300000, 0x00000000c7300000|100%| E|CS|TAMS 0x00000000c7200000, 0x00000000c7200000| Complete 
| 115|0x00000000c7300000, 0x00000000c7400000, 0x00000000c7400000|100%| E|CS|TAMS 0x00000000c7300000, 0x00000000c7300000| Complete 
| 116|0x00000000c7400000, 0x00000000c7500000, 0x00000000c7500000|100%| E|CS|TAMS 0x00000000c7400000, 0x00000000c7400000| Complete 
| 117|0x00000000c7500000, 0x00000000c7600000, 0x00000000c7600000|100%| E|CS|TAMS 0x00000000c7500000, 0x00000000c7500000| Complete 
| 118|0x00000000c7600000, 0x00000000c7700000, 0x00000000c7700000|100%| E|CS|TAMS 0x00000000c7600000, 0x00000000c7600000| Complete 
| 119|0x00000000c7700000, 0x00000000c7800000, 0x00000000c7800000|100%| E|CS|TAMS 0x00000000c7700000, 0x00000000c7700000| Complete 
| 120|0x00000000c7800000, 0x00000000c7900000, 0x00000000c7900000|100%| E|CS|TAMS 0x00000000c7800000, 0x00000000c7800000| Complete 
| 121|0x00000000c7900000, 0x00000000c7a00000, 0x00000000c7a00000|100%| E|CS|TAMS 0x00000000c7900000, 0x00000000c7900000| Complete 
| 122|0x00000000c7a00000, 0x00000000c7b00000, 0x00000000c7b00000|100%| E|CS|TAMS 0x00000000c7a00000, 0x00000000c7a00000| Complete 
| 123|0x00000000c7b00000, 0x00000000c7c00000, 0x00000000c7c00000|100%| E|CS|TAMS 0x00000000c7b00000, 0x00000000c7b00000| Complete 
| 124|0x00000000c7c00000, 0x00000000c7d00000, 0x00000000c7d00000|100%| E|CS|TAMS 0x00000000c7c00000, 0x00000000c7c00000| Complete 
| 125|0x00000000c7d00000, 0x00000000c7e00000, 0x00000000c7e00000|100%| E|CS|TAMS 0x00000000c7d00000, 0x00000000c7d00000| Complete 
| 126|0x00000000c7e00000, 0x00000000c7f00000, 0x00000000c7f00000|100%| E|CS|TAMS 0x00000000c7e00000, 0x00000000c7e00000| Complete 
| 127|0x00000000c7f00000, 0x00000000c8000000, 0x00000000c8000000|100%| E|CS|TAMS 0x00000000c7f00000, 0x00000000c7f00000| Complete 

Card table byte_map: [0x000001d5fc270000,0x000001d5fc470000] _byte_map_base: 0x000001d5fbc70000

Marking Bits (Prev, Next): (CMBitMap*) 0x000001d5f860f290, (CMBitMap*) 0x000001d5f860f2d0
 Prev Bits: [0x000001d5fc670000, 0x000001d5fd670000)
 Next Bits: [0x000001d5fd670000, 0x000001d5fe670000)

Polling page: 0x000001d5f7d90000

Metaspace:

Usage:
  Non-class:     17.35 MB used.
      Class:      1.95 MB used.
       Both:     19.30 MB used.

Virtual space:
  Non-class space:       64.00 MB reserved,      17.50 MB ( 27%) committed,  1 nodes.
      Class space:        1.00 GB reserved,       2.12 MB ( <1%) committed,  1 nodes.
             Both:        1.06 GB reserved,      19.62 MB (  2%) committed. 

Chunk freelists:
   Non-Class:  14.04 MB
       Class:  13.87 MB
        Both:  27.91 MB

MaxMetaspaceSize: unlimited
CompressedClassSpaceSize: 1.00 GB
Initial GC threshold: 21.00 MB
Current GC threshold: 21.00 MB
CDS: off
MetaspaceReclaimPolicy: balanced
 - commit_granule_bytes: 65536.
 - commit_granule_words: 8192.
 - virtual_space_node_default_size: 8388608.
 - enlarge_chunks_in_place: 1.
 - new_chunks_are_fully_committed: 0.
 - uncommit_free_chunks: 1.
 - use_allocation_guard: 0.
 - handle_deallocations: 1.


Internal statistics:

num_allocs_failed_limit: 0.
num_arena_births: 346.
num_arena_deaths: 0.
num_vsnodes_births: 2.
num_vsnodes_deaths: 0.
num_space_committed: 314.
num_space_uncommitted: 0.
num_chunks_returned_to_freelist: 0.
num_chunks_taken_from_freelist: 733.
num_chunk_merges: 0.
num_chunk_splits: 431.
num_chunks_enlarged: 203.
num_inconsistent_stats: 0.

CodeHeap 'non-profiled nmethods': size=120000Kb used=764Kb max_used=764Kb free=119235Kb
 bounds [0x000001d587ad0000, 0x000001d587d40000, 0x000001d58f000000]
CodeHeap 'profiled nmethods': size=120000Kb used=4458Kb max_used=4458Kb free=115541Kb
 bounds [0x000001d580000000, 0x000001d580460000, 0x000001d587530000]
CodeHeap 'non-nmethods': size=5760Kb used=1197Kb max_used=1256Kb free=4562Kb
 bounds [0x000001d587530000, 0x000001d5877a0000, 0x000001d587ad0000]
 total_blobs=2702 nmethods=2199 adapters=416
 compilation: enabled
              stopped_count=0, restarted_count=0
 full_count=0

Compilation events (20 events):
Event: 20.153 Thread 0x000001d5ff2d59e0 2189       3       java.util.concurrent.ConcurrentHashMap$BaseIterator::<init> (21 bytes)
Event: 20.153 Thread 0x000001d5ff2d59e0 nmethod 2189 0x000001d580456890 code [0x000001d580456a40, 0x000001d580456c18]
Event: 20.153 Thread 0x000001d5ff2d59e0 2190       3       java.util.concurrent.ConcurrentHashMap$Traverser::<init> (36 bytes)
Event: 20.154 Thread 0x000001d5ff2d59e0 nmethod 2190 0x000001d580456d10 code [0x000001d580456ea0, 0x000001d580457098]
Event: 28.134 Thread 0x000001d5ff2d59e0 2191       3       java.io.ObjectOutputStream::isCustomSubclass (21 bytes)
Event: 28.135 Thread 0x000001d5ff2d59e0 nmethod 2191 0x000001d580457190 code [0x000001d5804573e0, 0x000001d580457eb8]
Event: 46.137 Thread 0x000001d5ff2d59e0 2192  s    3       java.io.BufferedInputStream::read (49 bytes)
Event: 46.138 Thread 0x000001d5ff2d59e0 nmethod 2192 0x000001d580458210 code [0x000001d5804583e0, 0x000001d580458878]
Event: 51.347 Thread 0x000001d5ff2d59e0 2193   !   3       jdk.internal.reflect.GeneratedSerializationConstructorAccessor9::newInstance (49 bytes)
Event: 51.348 Thread 0x000001d5ff2d59e0 nmethod 2193 0x000001d580458a10 code [0x000001d580458be0, 0x000001d580458fe8]
Event: 51.348 Thread 0x000001d5ff2d59e0 2194       3       sun.rmi.transport.Transport::currentTransport (10 bytes)
Event: 51.348 Thread 0x000001d5ff2d59e0 nmethod 2194 0x000001d580459210 code [0x000001d5804593c0, 0x000001d580459648]
Event: 51.348 Thread 0x000001d5ff2d59e0 2195       3       java.util.HashSet::remove (20 bytes)
Event: 51.348 Thread 0x000001d5ff2d59e0 nmethod 2195 0x000001d580459710 code [0x000001d5804598c0, 0x000001d580459ae8]
Event: 55.139 Thread 0x000001d5ff2d4f30 2196       4       java.io.ObjectOutputStream$HandleTable::assign (52 bytes)
Event: 55.143 Thread 0x000001d5ff2d4f30 nmethod 2196 0x000001d587b8e610 code [0x000001d587b8e7c0, 0x000001d587b8eba8]
Event: 70.608 Thread 0x000001d5ff2d59e0 2197       3       java.lang.ref.ReferenceQueue::reallyPoll (65 bytes)
Event: 70.609 Thread 0x000001d5ff2d59e0 nmethod 2197 0x000001d580459b90 code [0x000001d580459d60, 0x000001d58045a278]
Event: 135.621 Thread 0x000001d5ff2d59e0 2199       3       java.security.AccessController::doPrivileged (17 bytes)
Event: 135.629 Thread 0x000001d5ff2d59e0 nmethod 2199 0x000001d58045a390 code [0x000001d58045a580, 0x000001d58045a938]

GC Heap History (2 events):
Event: 1.581 GC heap before
{Heap before GC invocations=0 (full 0):
 garbage-first heap   total 131072K, used 27648K [0x00000000c0000000, 0x0000000100000000)
  region size 1024K, 23 young (23552K), 0 survivors (0K)
 Metaspace       used 17778K, committed 18048K, reserved 1114112K
  class space    used 1844K, committed 1984K, reserved 1048576K
}
Event: 1.586 GC heap after
{Heap after GC invocations=1 (full 0):
 garbage-first heap   total 131072K, used 9408K [0x00000000c0000000, 0x0000000100000000)
  region size 1024K, 3 young (3072K), 3 survivors (3072K)
 Metaspace       used 17778K, committed 18048K, reserved 1114112K
  class space    used 1844K, committed 1984K, reserved 1048576K
}

Dll operation events (1 events):
Event: 0.061 Loaded shared library D:\Idea\IntelliJ IDEA 2023.2.2\jbr\bin\java.dll

Deoptimization events (20 events):
Event: 18.729 Thread 0x000001d5ff78fa60 DEOPT PACKING pc=0x000001d587af145c sp=0x000000b8731fdf30
Event: 18.729 Thread 0x000001d5ff78fa60 DEOPT UNPACKING pc=0x000001d5875869a3 sp=0x000000b8731fdec0 mode 2
Event: 18.746 Thread 0x000001d5ff78fa60 Uncommon trap: trap_request=0xffffff76 fr.pc=0x000001d587b64b24 relative=0x0000000000000404
Event: 18.746 Thread 0x000001d5ff78fa60 Uncommon trap: reason=predicate action=maybe_recompile pc=0x000001d587b64b24 method=java.io.ObjectOutputStream$BlockDataOutputStream.getUTFLength(Ljava/lang/String;)J @ 13 c2
Event: 18.746 Thread 0x000001d5ff78fa60 DEOPT PACKING pc=0x000001d587b64b24 sp=0x000000b8731fde30
Event: 18.746 Thread 0x000001d5ff78fa60 DEOPT UNPACKING pc=0x000001d5875869a3 sp=0x000000b8731fddc0 mode 2
Event: 18.856 Thread 0x000001d5ff78fa60 Uncommon trap: trap_request=0xffffff45 fr.pc=0x000001d587b7f55c relative=0x000000000000005c
Event: 18.856 Thread 0x000001d5ff78fa60 Uncommon trap: reason=unstable_if action=reinterpret pc=0x000001d587b7f55c method=java.io.ObjectStreamField.getSignature()Ljava/lang/String; @ 4 c2
Event: 18.856 Thread 0x000001d5ff78fa60 DEOPT PACKING pc=0x000001d587b7f55c sp=0x000000b8731fc820
Event: 18.856 Thread 0x000001d5ff78fa60 DEOPT UNPACKING pc=0x000001d5875869a3 sp=0x000000b8731fc7b0 mode 2
Event: 18.959 Thread 0x000001d5ff78fa60 Uncommon trap: trap_request=0xffffff45 fr.pc=0x000001d587b4ac84 relative=0x00000000000001e4
Event: 18.959 Thread 0x000001d5ff78fa60 Uncommon trap: reason=unstable_if action=reinterpret pc=0x000001d587b4ac84 method=java.util.HashMap.getNode(Ljava/lang/Object;)Ljava/util/HashMap$Node; @ 66 c2
Event: 18.959 Thread 0x000001d5ff78fa60 DEOPT PACKING pc=0x000001d587b4ac84 sp=0x000000b8731fe3a0
Event: 18.959 Thread 0x000001d5ff78fa60 DEOPT UNPACKING pc=0x000001d5875869a3 sp=0x000000b8731fe320 mode 2
Event: 19.277 Thread 0x000001d5ff78fa60 DEOPT PACKING pc=0x000001d5800acf7a sp=0x000000b8731fe2e0
Event: 19.277 Thread 0x000001d5ff78fa60 DEOPT UNPACKING pc=0x000001d587587143 sp=0x000000b8731fd6f8 mode 0
Event: 46.111 Thread 0x000001d5ff78ff70 Uncommon trap: trap_request=0xffffff45 fr.pc=0x000001d587b55de8 relative=0x00000000000001c8
Event: 46.111 Thread 0x000001d5ff78ff70 Uncommon trap: reason=unstable_if action=reinterpret pc=0x000001d587b55de8 method=java.io.BufferedInputStream.read()I @ 23 c2
Event: 46.111 Thread 0x000001d5ff78ff70 DEOPT PACKING pc=0x000001d587b55de8 sp=0x000000b8732ff200
Event: 46.111 Thread 0x000001d5ff78ff70 DEOPT UNPACKING pc=0x000001d5875869a3 sp=0x000000b8732ff1b0 mode 2

Classes unloaded (0 events):
No events

Classes redefined (0 events):
No events

Internal exceptions (20 events):
Event: 1.104 Thread 0x000001d5ff78fa60 Exception <a 'java/lang/NoSuchMethodError'{0x00000000c751c380}: static [B.<clinit>()V> (0x00000000c751c380) 
thrown [s\src\hotspot\share\prims\jni.cpp, line 1108]
Event: 1.104 Thread 0x000001d5ff78ff70 Exception <a 'java/lang/NoSuchMethodError'{0x00000000c75feb10}: static [B.<clinit>()V> (0x00000000c75feb10) 
thrown [s\src\hotspot\share\prims\jni.cpp, line 1108]
Event: 1.138 Thread 0x000001d5ff78fa60 Exception <a 'java/lang/NoSuchMethodError'{0x00000000c7549d10}: static [Ljava/rmi/server/ObjID;.<clinit>()V> (0x00000000c7549d10) 
thrown [s\src\hotspot\share\prims\jni.cpp, line 1108]
Event: 1.139 Thread 0x000001d5ff78e620 Exception <a 'java/lang/InterruptedException'{0x00000000c7400000}> (0x00000000c7400000) 
thrown [s\src\hotspot\share\runtime\objectMonitor.cpp, line 1658]
Event: 1.139 Thread 0x000001d5ff78fa60 Exception <a 'java/lang/NoSuchMethodError'{0x00000000c75516d0}: 'void java.lang.invoke.DirectMethodHandle$Holder.invokeSpecial(java.lang.Object, java.lang.Object, java.lang.Object)'> (0x00000000c75516d0) 
thrown [s\src\hotspot\share\interpreter\linkResolver.cpp, line 771]
Event: 1.140 Thread 0x000001d5ff78fa60 Exception <a 'java/lang/NoSuchMethodError'{0x00000000c7554c38}: 'void java.lang.invoke.Invokers$Holder.invoke_MT(java.lang.Object, java.lang.Object, java.lang.Object)'> (0x00000000c7554c38) 
thrown [s\src\hotspot\share\interpreter\linkResolver.cpp, line 771]
Event: 1.140 Thread 0x000001d5ff78e620 Exception <a 'java/lang/NoSuchMethodError'{0x00000000c74089f8}: 'java.lang.Object java.lang.invoke.DirectMethodHandle$Holder.newInvokeSpecial(java.lang.Object, java.lang.Object, int, java.lang.Object, long)'> (0x00000000c74089f8) 
thrown [s\src\hotspot\share\interpreter\linkResolver.cpp, line 771]
Event: 1.238 Thread 0x000001d5ff78fa60 Exception <a 'java/lang/NoSuchMethodError'{0x00000000c714d058}: 'java.lang.Object java.lang.invoke.DirectMethodHandle$Holder.invokeInterface(java.lang.Object, java.lang.Object)'> (0x00000000c714d058) 
thrown [s\src\hotspot\share\interpreter\linkResolver.cpp, line 771]
Event: 1.264 Thread 0x000001d5ff78fa60 Exception <a 'java/lang/NoSuchMethodError'{0x00000000c71d8a80}: 'java.lang.Object java.lang.invoke.DirectMethodHandle$Holder.invokeVirtual(java.lang.Object, java.lang.Object, java.lang.Object)'> (0x00000000c71d8a80) 
thrown [s\src\hotspot\share\interpreter\linkResolver.cpp, line 771]
Event: 1.559 Thread 0x000001d5ff78fa60 Exception <a 'java/lang/NoSuchMethodError'{0x00000000c6983f38}: 'java.lang.Object java.lang.invoke.DirectMethodHandle$Holder.newInvokeSpecial(java.lang.Object, java.lang.Object, int)'> (0x00000000c6983f38) 
thrown [s\src\hotspot\share\interpreter\linkResolver.cpp, line 771]
Event: 1.898 Thread 0x000001d5ff78fa60 Exception <a 'java/lang/NoSuchMethodError'{0x00000000c7a0db40}: static Lcom/intellij/database/remote/jdba/core/ConnectionInfo;.<clinit>()V> (0x00000000c7a0db40) 
thrown [s\src\hotspot\share\prims\jni.cpp, line 1108]
Event: 1.899 Thread 0x000001d5ff78fa60 Exception <a 'java/lang/NoSuchMethodError'{0x00000000c7a17f28}: static Ljava/lang/Object;.<clinit>()V> (0x00000000c7a17f28) 
thrown [s\src\hotspot\share\prims\jni.cpp, line 1108]
Event: 1.899 Thread 0x000001d5ff78fa60 Exception <a 'java/lang/NoSuchMethodError'{0x00000000c7a1ba78}: static [I.<clinit>()V> (0x00000000c7a1ba78) 
thrown [s\src\hotspot\share\prims\jni.cpp, line 1108]
Event: 2.011 Thread 0x000001d5ff78fa60 Exception <a 'java/lang/NoSuchMethodError'{0x00000000c7936dd0}: static Lcom/intellij/database/remote/jdba/core/ResultLayout;.<clinit>()V> (0x00000000c7936dd0) 
thrown [s\src\hotspot\share\prims\jni.cpp, line 1108]
Event: 2.012 Thread 0x000001d5ff78fa60 Exception <a 'java/lang/NoSuchMethodError'{0x00000000c7943718}: static Lcom/intellij/database/remote/jdba/core/RowLayout;.<clinit>()V> (0x00000000c7943718) 
thrown [s\src\hotspot\share\prims\jni.cpp, line 1108]
Event: 2.012 Thread 0x000001d5ff78fa60 Exception <a 'java/lang/NoSuchMethodError'{0x00000000c794e518}: static Lcom/intellij/database/remote/jdba/util/NameAndClass;.<clinit>()V> (0x00000000c794e518) 
thrown [s\src\hotspot\share\prims\jni.cpp, line 1108]
Event: 2.377 Thread 0x000001d5ff78fa60 Exception <a 'java/lang/NoSuchMethodError'{0x00000000c780d458}: static [Ljava/lang/String;.<clinit>()V> (0x00000000c780d458) 
thrown [s\src\hotspot\share\prims\jni.cpp, line 1108]
Event: 2.825 Thread 0x000001d5ff78fa60 Exception <a 'java/lang/NoSuchMethodError'{0x00000000c78e83c8}: static [Ljava/lang/Object;.<clinit>()V> (0x00000000c78e83c8) 
thrown [s\src\hotspot\share\prims\jni.cpp, line 1108]
Event: 115.495 Thread 0x000001d5ff78dc00 Exception <a 'sun/net/ConnectionResetException'{0x00000000c74131a8}: Connection reset> (0x00000000c74131a8) 
thrown [s\src\hotspot\share\prims\jni.cpp, line 536]
Event: 115.495 Thread 0x000001d5ff78fa60 Exception <a 'sun/net/ConnectionResetException'{0x00000000c6d5dcb0}: Connection reset> (0x00000000c6d5dcb0) 
thrown [s\src\hotspot\share\prims\jni.cpp, line 536]

VM Operations (20 events):
Event: 17.140 Executing VM operation: Cleanup
Event: 17.140 Executing VM operation: Cleanup done
Event: 18.140 Executing VM operation: Cleanup
Event: 18.140 Executing VM operation: Cleanup done
Event: 19.141 Executing VM operation: Cleanup
Event: 19.141 Executing VM operation: Cleanup done
Event: 20.142 Executing VM operation: Cleanup
Event: 20.142 Executing VM operation: Cleanup done
Event: 21.143 Executing VM operation: Cleanup
Event: 21.143 Executing VM operation: Cleanup done
Event: 46.154 Executing VM operation: Cleanup
Event: 46.154 Executing VM operation: Cleanup done
Event: 52.157 Executing VM operation: Cleanup
Event: 52.157 Executing VM operation: Cleanup done
Event: 60.156 Executing VM operation: HandshakeAllThreads
Event: 60.156 Executing VM operation: HandshakeAllThreads done
Event: 116.187 Executing VM operation: Cleanup
Event: 116.188 Executing VM operation: Cleanup done
Event: 120.282 Executing VM operation: HandshakeAllThreads
Event: 120.283 Executing VM operation: HandshakeAllThreads done

Events (20 events):
Event: 18.858 loading class java/io/ObjectOutputStream$PutField
Event: 18.858 loading class java/io/ObjectOutputStream$PutField done
Event: 18.858 loading class java/io/ObjectOutputStream$PutFieldImpl done
Event: 51.348 Thread 0x000001d5ff78ccd0 Thread added: 0x000001d5ff78ccd0
Event: 51.348 Thread 0x000001d5ff78d1e0 Thread added: 0x000001d5ff78d1e0
Event: 51.348 Thread 0x000001d5ff78ccd0 Thread exited: 0x000001d5ff78ccd0
Event: 51.348 Thread 0x000001d5ff78d1e0 Thread exited: 0x000001d5ff78d1e0
Event: 91.092 loading class java/util/IdentityHashMap$KeyIterator
Event: 91.092 loading class java/util/IdentityHashMap$IdentityHashMapIterator
Event: 91.092 loading class java/util/IdentityHashMap$IdentityHashMapIterator done
Event: 91.092 loading class java/util/IdentityHashMap$KeyIterator done
Event: 91.092 Thread 0x000001d5ff78f550 Thread exited: 0x000001d5ff78f550
Event: 106.128 Thread 0x000001d5ff78ff70 Thread exited: 0x000001d5ff78ff70
Event: 115.475 loading class sun/net/ConnectionResetException
Event: 115.489 loading class sun/net/ConnectionResetException done
Event: 115.496 loading class java/net/SocketTimeoutException
Event: 115.497 loading class java/io/InterruptedIOException
Event: 115.500 loading class java/io/InterruptedIOException done
Event: 115.500 loading class java/net/SocketTimeoutException done
Event: 141.048 Thread 0x000001d5ff78d1e0 Thread added: 0x000001d5ff78d1e0


Dynamic libraries:
0x00007ff76d5e0000 - 0x00007ff76d5ea000 	D:\Idea\IntelliJ IDEA 2023.2.2\jbr\bin\java.exe
0x00007ff847960000 - 0x00007ff847b69000 	C:\WINDOWS\SYSTEM32\ntdll.dll
0x00007ff8462b0000 - 0x00007ff84636d000 	C:\WINDOWS\System32\KERNEL32.DLL
0x00007ff844fd0000 - 0x00007ff845354000 	C:\WINDOWS\System32\KERNELBASE.dll
0x00007ff845420000 - 0x00007ff845531000 	C:\WINDOWS\System32\ucrtbase.dll
0x00007ff83fcf0000 - 0x00007ff83fd07000 	D:\Idea\IntelliJ IDEA 2023.2.2\jbr\bin\jli.dll
0x00007ff837db0000 - 0x00007ff837dcb000 	D:\Idea\IntelliJ IDEA 2023.2.2\jbr\bin\VCRUNTIME140.dll
0x00007ff8463b0000 - 0x00007ff84655d000 	C:\WINDOWS\System32\USER32.dll
0x00007ff8456e0000 - 0x00007ff845706000 	C:\WINDOWS\System32\win32u.dll
0x00007ff82b550000 - 0x00007ff82b7f5000 	C:\WINDOWS\WinSxS\amd64_microsoft.windows.common-controls_6595b64144ccf1df_6.0.22000.120_none_9d947278b86cc467\COMCTL32.dll
0x00007ff8478f0000 - 0x00007ff84791a000 	C:\WINDOWS\System32\GDI32.dll
0x00007ff847110000 - 0x00007ff8471b3000 	C:\WINDOWS\System32\msvcrt.dll
0x00007ff845540000 - 0x00007ff84565e000 	C:\WINDOWS\System32\gdi32full.dll
0x00007ff845710000 - 0x00007ff8457ad000 	C:\WINDOWS\System32\msvcp_win.dll
0x00007ff846370000 - 0x00007ff8463a1000 	C:\WINDOWS\System32\IMM32.DLL
0x00007ff837da0000 - 0x00007ff837dac000 	D:\Idea\IntelliJ IDEA 2023.2.2\jbr\bin\vcruntime140_1.dll
0x00007ff815730000 - 0x00007ff8157bd000 	D:\Idea\IntelliJ IDEA 2023.2.2\jbr\bin\msvcp140.dll
0x00007ffffd6b0000 - 0x00007ffffe333000 	D:\Idea\IntelliJ IDEA 2023.2.2\jbr\bin\server\jvm.dll
0x00007ff847740000 - 0x00007ff8477ee000 	C:\WINDOWS\System32\ADVAPI32.dll
0x00007ff847640000 - 0x00007ff8476de000 	C:\WINDOWS\System32\sechost.dll
0x00007ff846fc0000 - 0x00007ff8470e1000 	C:\WINDOWS\System32\RPCRT4.dll
0x00007ff844650000 - 0x00007ff84469d000 	C:\WINDOWS\SYSTEM32\POWRPROF.dll
0x00007ff83bc80000 - 0x00007ff83bc8a000 	C:\WINDOWS\SYSTEM32\VERSION.dll
0x00007ff82d590000 - 0x00007ff82d599000 	C:\WINDOWS\SYSTEM32\WSOCK32.dll
0x00007ff846f50000 - 0x00007ff846fbf000 	C:\WINDOWS\System32\WS2_32.dll
0x00007ff83de70000 - 0x00007ff83dea3000 	C:\WINDOWS\SYSTEM32\WINMM.dll
0x00007ff844480000 - 0x00007ff844493000 	C:\WINDOWS\SYSTEM32\UMPDC.dll
0x00007ff843e60000 - 0x00007ff843e78000 	C:\WINDOWS\SYSTEM32\kernel.appcore.dll
0x00007ff840ab0000 - 0x00007ff840aba000 	D:\Idea\IntelliJ IDEA 2023.2.2\jbr\bin\jimage.dll
0x00007ff8425e0000 - 0x00007ff842801000 	C:\WINDOWS\SYSTEM32\DBGHELP.DLL
0x00007ff830830000 - 0x00007ff830861000 	C:\WINDOWS\SYSTEM32\dbgcore.DLL
0x00007ff845660000 - 0x00007ff8456df000 	C:\WINDOWS\System32\bcryptPrimitives.dll
0x00007ff83ebb0000 - 0x00007ff83ebd5000 	D:\Idea\IntelliJ IDEA 2023.2.2\jbr\bin\java.dll
0x00007ff83dc20000 - 0x00007ff83dc38000 	D:\Idea\IntelliJ IDEA 2023.2.2\jbr\bin\zip.dll
0x00007ff846780000 - 0x00007ff846f45000 	C:\WINDOWS\System32\SHELL32.dll
0x00007ff842d60000 - 0x00007ff8435c2000 	C:\WINDOWS\SYSTEM32\windows.storage.dll
0x00007ff845eb0000 - 0x00007ff846226000 	C:\WINDOWS\System32\combase.dll
0x00007ff842bf0000 - 0x00007ff842d57000 	C:\WINDOWS\SYSTEM32\wintypes.dll
0x00007ff845a50000 - 0x00007ff845b3a000 	C:\WINDOWS\System32\SHCORE.dll
0x00007ff8476e0000 - 0x00007ff84773d000 	C:\WINDOWS\System32\shlwapi.dll
0x00007ff844d20000 - 0x00007ff844d45000 	C:\WINDOWS\SYSTEM32\profapi.dll
0x00007ff83a070000 - 0x00007ff83a089000 	D:\Idea\IntelliJ IDEA 2023.2.2\jbr\bin\net.dll
0x00007ff83deb0000 - 0x00007ff83dfc4000 	C:\WINDOWS\SYSTEM32\WINHTTP.dll
0x00007ff844380000 - 0x00007ff8443e7000 	C:\WINDOWS\system32\mswsock.dll
0x00007ff837f50000 - 0x00007ff837f66000 	D:\Idea\IntelliJ IDEA 2023.2.2\jbr\bin\nio.dll
0x00007ff843980000 - 0x00007ff8439ad000 	C:\WINDOWS\SYSTEM32\IPHLPAPI.DLL
0x00007ff8457b0000 - 0x00007ff8457b9000 	C:\WINDOWS\System32\NSI.dll
0x00007ff83de50000 - 0x00007ff83de69000 	C:\WINDOWS\SYSTEM32\dhcpcsvc6.DLL
0x00007ff83ea40000 - 0x00007ff83ea5e000 	C:\WINDOWS\SYSTEM32\dhcpcsvc.DLL
0x00007ff8439b0000 - 0x00007ff843a97000 	C:\WINDOWS\SYSTEM32\DNSAPI.dll
0x00007ff8445f0000 - 0x00007ff844608000 	C:\WINDOWS\SYSTEM32\CRYPTSP.dll
0x00007ff843dc0000 - 0x00007ff843df5000 	C:\WINDOWS\system32\rsaenh.dll
0x00007ff8444a0000 - 0x00007ff8444cc000 	C:\WINDOWS\SYSTEM32\USERENV.dll
0x00007ff8447c0000 - 0x00007ff8447e7000 	C:\WINDOWS\SYSTEM32\bcrypt.dll
0x00007ff844610000 - 0x00007ff84461c000 	C:\WINDOWS\SYSTEM32\CRYPTBASE.dll
0x00007ff837ef0000 - 0x00007ff837ef7000 	D:\Idea\IntelliJ IDEA 2023.2.2\jbr\bin\rmi.dll

dbghelp: loaded successfully - version: 4.0.5 - missing functions: none
symbol engine: initialized successfully - sym options: 0x614 - pdb path: .;D:\Idea\IntelliJ IDEA 2023.2.2\jbr\bin;C:\WINDOWS\SYSTEM32;C:\WINDOWS\WinSxS\amd64_microsoft.windows.common-controls_6595b64144ccf1df_6.0.22000.120_none_9d947278b86cc467;D:\Idea\IntelliJ IDEA 2023.2.2\jbr\bin\server

VM Arguments:
jvm_args: -Djava.rmi.server.hostname=127.0.0.1 -Duser.timezone=UTC -Xmx1024m -Xms128m -Djna.boot.library.path=D:\Idea\IntelliJ IDEA 2023.2.2/lib/jna/amd64 -Djna.nosys=true -Djna.noclasspath=true -Djdbc.classpath=D:\Idea\IntelliJ IDEA 2023.2.2\plugins\DatabaseTools\lib\jdbc-console.jar;C:\Users\Cyqi\AppData\Roaming\JetBrains\IntelliJIdea2023.2\jdbc-drivers\MySQL ConnectorJ\8.0.25\mysql-connector-java-8.0.25.jar --add-exports=java.desktop/sun.awt=ALL-UNNAMED --add-exports=java.desktop/java.awt.peer=ALL-UNNAMED --add-opens=java.desktop/java.awt=ALL-UNNAMED --add-opens=jdk.unsupported/sun.misc=ALL-UNNAMED --add-opens=java.base/java.nio=ALL-UNNAMED --add-opens=java.base/java.util=ALL-UNNAMED -Dfile.encoding=UTF-8 
java_command: com.intellij.database.remote.RemoteJdbcServer com.mysql.cj.jdbc.Driver
java_class_path (initial): D:\Idea\IntelliJ IDEA 2023.2.2\lib\util_rt.jar;D:\Idea\IntelliJ IDEA 2023.2.2\lib\util-8.jar;D:\Idea\IntelliJ IDEA 2023.2.2\lib\groovy.jar;D:\Idea\IntelliJ IDEA 2023.2.2\plugins\DatabaseTools\lib\jdbc-console.jar;D:\Idea\IntelliJ IDEA 2023.2.2\plugins\grid-core-impl\lib\jdbc-console-types.jar;D:\Idea\IntelliJ IDEA 2023.2.2\lib\util.jar;D:\Idea\IntelliJ IDEA 2023.2.2\lib\bouncy-castle.jar
Launcher Type: SUN_STANDARD

[Global flags]
     intx CICompilerCount                          = 4                                         {product} {ergonomic}
     uint ConcGCThreads                            = 2                                         {product} {ergonomic}
     uint G1ConcRefinementThreads                  = 8                                         {product} {ergonomic}
   size_t G1HeapRegionSize                         = 1048576                                   {product} {ergonomic}
    uintx GCDrainStackTargetSize                   = 64                                        {product} {ergonomic}
   size_t InitialHeapSize                          = 134217728                                 {product} {command line}
   size_t MarkStackSize                            = 4194304                                   {product} {ergonomic}
   size_t MaxHeapSize                              = 1073741824                                {product} {command line}
   size_t MaxNewSize                               = 643825664                                 {product} {ergonomic}
   size_t MinHeapDeltaBytes                        = 1048576                                   {product} {ergonomic}
   size_t MinHeapSize                              = 134217728                                 {product} {command line}
    uintx NonNMethodCodeHeapSize                   = 5839372                                {pd product} {ergonomic}
    uintx NonProfiledCodeHeapSize                  = 122909434                              {pd product} {ergonomic}
    uintx ProfiledCodeHeapSize                     = 122909434                              {pd product} {ergonomic}
    uintx ReservedCodeCacheSize                    = 251658240                              {pd product} {ergonomic}
     bool SegmentedCodeCache                       = true                                      {product} {ergonomic}
   size_t SoftMaxHeapSize                          = 1073741824                             {manageable} {ergonomic}
     bool UseCompressedClassPointers               = true                           {product lp64_product} {ergonomic}
     bool UseCompressedOops                        = true                           {product lp64_product} {ergonomic}
     bool UseG1GC                                  = true                                      {product} {ergonomic}
     bool UseLargePagesIndividualAllocation        = false                                  {pd product} {ergonomic}

Logging:
Log output configuration:
 #0: stdout all=warning uptime,level,tags
 #1: stderr all=off uptime,level,tags

Environment Variables:
JAVA_HOME=D:\JDK\JDK17
CLASSPATH=.;D:\JDK\JDK17\lib\dt.jar;D:\JDK\JDK17\lib\tools.jar;D:\Ruanjian\apache-jmeter-5.6.3\lib\ext\ApacheJMeter_core.jar;D:\Ruanjian\apache-jmeter-5.6.3\lib\jorphan.jar;
PATH=D:\JDK\JDK17\bin;C:\ProgramData\Oracle\Java\javapath;D:\Ruanjian\apache-jmeter-5.6.3\bin;C:\WINDOWS;C:\WINDOWS \system32;D:\Ruanjian\bin\;D:\Python\Python36\Scripts\;D:\Python\Python36\;C:\Users\Cyqi\AppData\Local\Microsoft\WindowsApps;D:\Program Files\JetBrains\PyCharm 2019.1.4\bin;D:\Python36;D:\Python36\Scripts;C:\Program Files (x86)\Tencent\QQGameTempest\Hall.57938\;D:\Microsoft VS Code\bin;D:\maven\apache-maven-3.8.8-bin\apache-maven-3.8.8\bin;D:\maven\apache-maven-3.6.3-bin\apache-maven-3.6.3\bin;D:\Ruanjian\nvm\node_global;D:\Ruanjian\nvm;D:\Ruanjian\nodejs;D:\mysql\MySQL\MySQL Server 8.0\bin;D:\Ruanjian\Git\cmd;D:\Ruanjian\web\dll;D:\\\\\day06\web\dll;D:\Program Files\Redis\;C:\Users\Cyqi\AppData\Local\Programs\Python\Python36\Scripts\;C:\Users\Cyqi\AppData\Local\Programs\Python\Python36\;D:\Python\Python36\Scripts\;D:\Python\Python36\;C:\Users\Cyqi\AppData\Local\Microsoft\WindowsApps;D:\Program Files\JetBrains\PyCharm 2019.1.4\bin;D:\Python36;D:\Python36\Scripts;C:\Program Files (x86)\Tencent\QQGameTempest\Hall.57938\;D:\Microsoft VS Code\bin;D:\Ruanjian\nvm\node_global;D:\Ruanjian\nvm;D:\Ruanjian\nodejs;D:\Ruanjian\apache-jmeter-5.6.3\bin;C:\WINDOWS\system32;C:\WINDOWS;D:\Ruanjian\cpolar\
USERNAME=Cyqi
OS=Windows_NT
PROCESSOR_IDENTIFIER=Intel64 Family 6 Model 158 Stepping 10, GenuineIntel
TMP=C:\Users\Cyqi\AppData\Local\Temp
TEMP=C:\Users\Cyqi\AppData\Local\Temp


JNI global refs:
JNI global refs: 18, weak refs: 0

JNI global refs memory usage: 843, weak refs: 209

OOME stack traces (most recent first):
Classloader memory used:
Loader bootstrap                                                                       : 1841K
Loader com.intellij.database.remote.jdbc.impl.JdbcClassLoader$JdbcClassLoaderImpl      : 300K
Loader jdk.internal.loader.ClassLoaders$AppClassLoader                                 : 257K
Loader jdk.internal.loader.ClassLoaders$PlatformClassLoader                            : 44944B
Loader jdk.internal.reflect.DelegatingClassLoader                                      : 28275B


---------------  S Y S T E M  ---------------

OS:
 Windows 11 , 64 bit Build 22000 (10.0.22000.2538)
OS uptime: 21 days 23:21 hours

CPU: total 8 (initial active 8) (4 cores per cpu, 2 threads per core) family 6 model 158 stepping 10 microcode 0xde, cx8, cmov, fxsr, ht, mmx, 3dnowpref, sse, sse2, sse3, ssse3, sse4.1, sse4.2, popcnt, lzcnt, tsc, tscinvbit, avx, avx2, aes, erms, clmul, bmi1, bmi2, adx, fma, vzeroupper, clflush, clflushopt
Processor Information for all 8 processors :
  Max Mhz: 2400, Current Mhz: 2400, Mhz Limit: 2400

Memory: 4k page, system-wide physical 8112M (308M free)
TotalPageFile size 32688M (AvailPageFile size 0M)
current process WorkingSet (physical memory assigned to process): 18M, peak: 106M
current process commit charge ("private bytes"): 229M, peak: 243M

vm_info: OpenJDK 64-Bit Server VM (17.0.8+7-b1000.22) for windows-amd64 JRE (17.0.8+7-b1000.22), built on 2023-09-02 by "builduser" with MS VC++ 16.10 / 16.11 (VS2019)

END.
